[2024-09-18 06:37:03] local.ERROR: filemtime(): stat failed for C:\Users\Toshiba\Documents\GitHub\DecorVista-Web\.env {"exception":"[object] (ErrorException(code: 0): filemtime(): stat failed for C:\\Users\\Toshiba\\Documents\\GitHub\\DecorVista-Web\\.env at C:\\Users\\Toshiba\\Documents\\GitHub\\DecorVista-Web\\vendor\\laravel\\framework\\src\\Illuminate\\Foundation\\Console\\ServeCommand.php:112)
[stacktrace]
#0 C:\\Users\\Toshiba\\Documents\\GitHub\\DecorVista-Web\\vendor\\laravel\\framework\\src\\Illuminate\\Foundation\\Bootstrap\\HandleExceptions.php(256): Illuminate\\Foundation\\Bootstrap\\HandleExceptions->handleError(2, 'filemtime(): st...', 'C:\\\\Users\\\\Toshib...', 112)
#1 [internal function]: Illuminate\\Foundation\\Bootstrap\\HandleExceptions->Illuminate\\Foundation\\Bootstrap\\{closure}(2, 'filemtime(): st...', 'C:\\\\Users\\\\Toshib...', 112)
#2 C:\\Users\\Toshiba\\Documents\\GitHub\\DecorVista-Web\\vendor\\laravel\\framework\\src\\Illuminate\\Foundation\\Console\\ServeCommand.php(112): filemtime('C:\\\\Users\\\\Toshib...')
#3 C:\\Users\\Toshiba\\Documents\\GitHub\\DecorVista-Web\\vendor\\laravel\\framework\\src\\Illuminate\\Container\\BoundMethod.php(36): Illuminate\\Foundation\\Console\\ServeCommand->handle()
#4 C:\\Users\\Toshiba\\Documents\\GitHub\\DecorVista-Web\\vendor\\laravel\\framework\\src\\Illuminate\\Container\\Util.php(43): Illuminate\\Container\\BoundMethod::Illuminate\\Container\\{closure}()
#5 C:\\Users\\Toshiba\\Documents\\GitHub\\DecorVista-Web\\vendor\\laravel\\framework\\src\\Illuminate\\Container\\BoundMethod.php(95): Illuminate\\Container\\Util::unwrapIfClosure(Object(Closure))
#6 C:\\Users\\Toshiba\\Documents\\GitHub\\DecorVista-Web\\vendor\\laravel\\framework\\src\\Illuminate\\Container\\BoundMethod.php(35): Illuminate\\Container\\BoundMethod::callBoundMethod(Object(Illuminate\\Foundation\\Application), Array, Object(Closure))
#7 C:\\Users\\Toshiba\\Documents\\GitHub\\DecorVista-Web\\vendor\\laravel\\framework\\src\\Illuminate\\Container\\Container.php(690): Illuminate\\Container\\BoundMethod::call(Object(Illuminate\\Foundation\\Application), Array, Array, NULL)
#8 C:\\Users\\Toshiba\\Documents\\GitHub\\DecorVista-Web\\vendor\\laravel\\framework\\src\\Illuminate\\Console\\Command.php(213): Illuminate\\Container\\Container->call(Array)
#9 C:\\Users\\Toshiba\\Documents\\GitHub\\DecorVista-Web\\vendor\\symfony\\console\\Command\\Command.php(279): Illuminate\\Console\\Command->execute(Object(Symfony\\Component\\Console\\Input\\ArgvInput), Object(Illuminate\\Console\\OutputStyle))
#10 C:\\Users\\Toshiba\\Documents\\GitHub\\DecorVista-Web\\vendor\\laravel\\framework\\src\\Illuminate\\Console\\Command.php(182): Symfony\\Component\\Console\\Command\\Command->run(Object(Symfony\\Component\\Console\\Input\\ArgvInput), Object(Illuminate\\Console\\OutputStyle))
#11 C:\\Users\\Toshiba\\Documents\\GitHub\\DecorVista-Web\\vendor\\symfony\\console\\Application.php(1047): Illuminate\\Console\\Command->run(Object(Symfony\\Component\\Console\\Input\\ArgvInput), Object(Symfony\\Component\\Console\\Output\\ConsoleOutput))
#12 C:\\Users\\Toshiba\\Documents\\GitHub\\DecorVista-Web\\vendor\\symfony\\console\\Application.php(316): Symfony\\Component\\Console\\Application->doRunCommand(Object(Illuminate\\Foundation\\Console\\ServeCommand), Object(Symfony\\Component\\Console\\Input\\ArgvInput), Object(Symfony\\Component\\Console\\Output\\ConsoleOutput))
#13 C:\\Users\\Toshiba\\Documents\\GitHub\\DecorVista-Web\\vendor\\symfony\\console\\Application.php(167): Symfony\\Component\\Console\\Application->doRun(Object(Symfony\\Component\\Console\\Input\\ArgvInput), Object(Symfony\\Component\\Console\\Output\\ConsoleOutput))
#14 C:\\Users\\Toshiba\\Documents\\GitHub\\DecorVista-Web\\vendor\\laravel\\framework\\src\\Illuminate\\Foundation\\Console\\Kernel.php(197): Symfony\\Component\\Console\\Application->run(Object(Symfony\\Component\\Console\\Input\\ArgvInput), Object(Symfony\\Component\\Console\\Output\\ConsoleOutput))
#15 C:\\Users\\Toshiba\\Documents\\GitHub\\DecorVista-Web\\vendor\\laravel\\framework\\src\\Illuminate\\Foundation\\Application.php(1203): Illuminate\\Foundation\\Console\\Kernel->handle(Object(Symfony\\Component\\Console\\Input\\ArgvInput), Object(Symfony\\Component\\Console\\Output\\ConsoleOutput))
#16 C:\\Users\\Toshiba\\Documents\\GitHub\\DecorVista-Web\\artisan(13): Illuminate\\Foundation\\Application->handleCommand(Object(Symfony\\Component\\Console\\Input\\ArgvInput))
#17 {main}
"} 
[2024-09-18 06:37:03] local.ERROR: include(C:\Users\Toshiba\Documents\GitHub\DecorVista-Web\vendor\composer/../filp/whoops/src/Whoops/Handler/Handler.php): Failed to open stream: No such file or directory {"exception":"[object] (ErrorException(code: 0): include(C:\\Users\\Toshiba\\Documents\\GitHub\\DecorVista-Web\\vendor\\composer/../filp/whoops/src/Whoops/Handler/Handler.php): Failed to open stream: No such file or directory at C:\\Users\\Toshiba\\Documents\\GitHub\\DecorVista-Web\\vendor\\composer\\ClassLoader.php:576)
[stacktrace]
#0 C:\\Users\\Toshiba\\Documents\\GitHub\\DecorVista-Web\\vendor\\laravel\\framework\\src\\Illuminate\\Foundation\\Bootstrap\\HandleExceptions.php(256): Illuminate\\Foundation\\Bootstrap\\HandleExceptions->handleError(2, 'include(C:\\\\User...', 'C:\\\\Users\\\\Toshib...', 576)
#1 C:\\Users\\Toshiba\\Documents\\GitHub\\DecorVista-Web\\vendor\\composer\\ClassLoader.php(576): Illuminate\\Foundation\\Bootstrap\\HandleExceptions->Illuminate\\Foundation\\Bootstrap\\{closure}(2, 'include(C:\\\\User...', 'C:\\\\Users\\\\Toshib...', 576)
#2 C:\\Users\\Toshiba\\Documents\\GitHub\\DecorVista-Web\\vendor\\composer\\ClassLoader.php(576): include('C:\\\\Users\\\\Toshib...')
#3 C:\\Users\\Toshiba\\Documents\\GitHub\\DecorVista-Web\\vendor\\composer\\ClassLoader.php(427): Composer\\Autoload\\{closure}('C:\\\\Users\\\\Toshib...')
#4 C:\\Users\\Toshiba\\Documents\\GitHub\\DecorVista-Web\\vendor\\nunomaduro\\collision\\src\\Handler.php(15): Composer\\Autoload\\ClassLoader->loadClass('Whoops\\\\Handler\\\\...')
#5 C:\\Users\\Toshiba\\Documents\\GitHub\\DecorVista-Web\\vendor\\composer\\ClassLoader.php(576): include('C:\\\\Users\\\\Toshib...')
#6 C:\\Users\\Toshiba\\Documents\\GitHub\\DecorVista-Web\\vendor\\composer\\ClassLoader.php(427): Composer\\Autoload\\{closure}('C:\\\\Users\\\\Toshib...')
#7 C:\\Users\\Toshiba\\Documents\\GitHub\\DecorVista-Web\\vendor\\nunomaduro\\collision\\src\\Adapters\\Laravel\\CollisionServiceProvider.php(55): Composer\\Autoload\\ClassLoader->loadClass('NunoMaduro\\\\Coll...')
#8 C:\\Users\\Toshiba\\Documents\\GitHub\\DecorVista-Web\\vendor\\laravel\\framework\\src\\Illuminate\\Container\\Container.php(931): NunoMaduro\\Collision\\Adapters\\Laravel\\CollisionServiceProvider->NunoMaduro\\Collision\\Adapters\\Laravel\\{closure}(Object(Illuminate\\Foundation\\Application), Array)
#9 C:\\Users\\Toshiba\\Documents\\GitHub\\DecorVista-Web\\vendor\\laravel\\framework\\src\\Illuminate\\Container\\Container.php(815): Illuminate\\Container\\Container->build(Object(Closure))
#10 C:\\Users\\Toshiba\\Documents\\GitHub\\DecorVista-Web\\vendor\\laravel\\framework\\src\\Illuminate\\Foundation\\Application.php(1046): Illuminate\\Container\\Container->resolve('NunoMaduro\\\\Coll...', Array, true)
#11 C:\\Users\\Toshiba\\Documents\\GitHub\\DecorVista-Web\\vendor\\laravel\\framework\\src\\Illuminate\\Container\\Container.php(751): Illuminate\\Foundation\\Application->resolve('NunoMaduro\\\\Coll...', Array)
#12 C:\\Users\\Toshiba\\Documents\\GitHub\\DecorVista-Web\\vendor\\laravel\\framework\\src\\Illuminate\\Foundation\\Application.php(1028): Illuminate\\Container\\Container->make('NunoMaduro\\\\Coll...', Array)
#13 C:\\Users\\Toshiba\\Documents\\GitHub\\DecorVista-Web\\vendor\\nunomaduro\\collision\\src\\Adapters\\Laravel\\ExceptionHandler.php(66): Illuminate\\Foundation\\Application->make('NunoMaduro\\\\Coll...')
#14 C:\\Users\\Toshiba\\Documents\\GitHub\\DecorVista-Web\\vendor\\laravel\\framework\\src\\Illuminate\\Foundation\\Console\\Kernel.php(632): NunoMaduro\\Collision\\Adapters\\Laravel\\ExceptionHandler->renderForConsole(Object(Symfony\\Component\\Console\\Output\\ConsoleOutput), Object(ErrorException))
#15 C:\\Users\\Toshiba\\Documents\\GitHub\\DecorVista-Web\\vendor\\laravel\\framework\\src\\Illuminate\\Foundation\\Console\\Kernel.php(201): Illuminate\\Foundation\\Console\\Kernel->renderException(Object(Symfony\\Component\\Console\\Output\\ConsoleOutput), Object(ErrorException))
#16 C:\\Users\\Toshiba\\Documents\\GitHub\\DecorVista-Web\\vendor\\laravel\\framework\\src\\Illuminate\\Foundation\\Application.php(1203): Illuminate\\Foundation\\Console\\Kernel->handle(Object(Symfony\\Component\\Console\\Input\\ArgvInput), Object(Symfony\\Component\\Console\\Output\\ConsoleOutput))
#17 C:\\Users\\Toshiba\\Documents\\GitHub\\DecorVista-Web\\artisan(13): Illuminate\\Foundation\\Application->handleCommand(Object(Symfony\\Component\\Console\\Input\\ArgvInput))
#18 {main}
"} 
[2024-09-18 06:37:03] local.ERROR: Uncaught ErrorException: include(C:\Users\Toshiba\Documents\GitHub\DecorVista-Web\vendor\composer/../filp/whoops/src/Whoops/Handler/Handler.php): Failed to open stream: No such file or directory in C:\Users\Toshiba\Documents\GitHub\DecorVista-Web\vendor\composer\ClassLoader.php:576
Stack trace:
#0 C:\Users\Toshiba\Documents\GitHub\DecorVista-Web\vendor\laravel\framework\src\Illuminate\Foundation\Bootstrap\HandleExceptions.php(256): Illuminate\Foundation\Bootstrap\HandleExceptions->handleError(2, 'include(C:\\User...', 'C:\\Users\\Toshib...', 576)
#1 C:\Users\Toshiba\Documents\GitHub\DecorVista-Web\vendor\composer\ClassLoader.php(576): Illuminate\Foundation\Bootstrap\HandleExceptions->Illuminate\Foundation\Bootstrap\{closure}(2, 'include(C:\\User...', 'C:\\Users\\Toshib...', 576)
#2 C:\Users\Toshiba\Documents\GitHub\DecorVista-Web\vendor\composer\ClassLoader.php(576): include('C:\\Users\\Toshib...')
#3 C:\Users\Toshiba\Documents\GitHub\DecorVista-Web\vendor\composer\ClassLoader.php(427): Composer\Autoload\{closure}('C:\\Users\\Toshib...')
#4 C:\Users\Toshiba\Documents\GitHub\DecorVista-Web\vendor\nunomaduro\collision\src\Handler.php(15): Composer\Autoload\ClassLoader->loadClass('Whoops\\Handler\\...')
#5 C:\Users\Toshiba\Documents\GitHub\DecorVista-Web\vendor\composer\ClassLoader.php(576): include('C:\\Users\\Toshib...')
#6 C:\Users\Toshiba\Documents\GitHub\DecorVista-Web\vendor\composer\ClassLoader.php(427): Composer\Autoload\{closure}('C:\\Users\\Toshib...')
#7 C:\Users\Toshiba\Documents\GitHub\DecorVista-Web\vendor\nunomaduro\collision\src\Adapters\Laravel\CollisionServiceProvider.php(55): Composer\Autoload\ClassLoader->loadClass('NunoMaduro\\Coll...')
#8 C:\Users\Toshiba\Documents\GitHub\DecorVista-Web\vendor\laravel\framework\src\Illuminate\Container\Container.php(931): NunoMaduro\Collision\Adapters\Laravel\CollisionServiceProvider->NunoMaduro\Collision\Adapters\Laravel\{closure}(Object(Illuminate\Foundation\Application), Array)
#9 C:\Users\Toshiba\Documents\GitHub\DecorVista-Web\vendor\laravel\framework\src\Illuminate\Container\Container.php(815): Illuminate\Container\Container->build(Object(Closure))
#10 C:\Users\Toshiba\Documents\GitHub\DecorVista-Web\vendor\laravel\framework\src\Illuminate\Foundation\Application.php(1046): Illuminate\Container\Container->resolve('NunoMaduro\\Coll...', Array, true)
#11 C:\Users\Toshiba\Documents\GitHub\DecorVista-Web\vendor\laravel\framework\src\Illuminate\Container\Container.php(751): Illuminate\Foundation\Application->resolve('NunoMaduro\\Coll...', Array)
#12 C:\Users\Toshiba\Documents\GitHub\DecorVista-Web\vendor\laravel\framework\src\Illuminate\Foundation\Application.php(1028): Illuminate\Container\Container->make('NunoMaduro\\Coll...', Array)
#13 C:\Users\Toshiba\Documents\GitHub\DecorVista-Web\vendor\nunomaduro\collision\src\Adapters\Laravel\ExceptionHandler.php(66): Illuminate\Foundation\Application->make('NunoMaduro\\Coll...')
#14 C:\Users\Toshiba\Documents\GitHub\DecorVista-Web\vendor\laravel\framework\src\Illuminate\Foundation\Bootstrap\HandleExceptions.php(208): NunoMaduro\Collision\Adapters\Laravel\ExceptionHandler->renderForConsole(Object(Symfony\Component\Console\Output\ConsoleOutput), Object(ErrorException))
#15 C:\Users\Toshiba\Documents\GitHub\DecorVista-Web\vendor\laravel\framework\src\Illuminate\Foundation\Bootstrap\HandleExceptions.php(190): Illuminate\Foundation\Bootstrap\HandleExceptions->renderForConsole(Object(ErrorException))
#16 C:\Users\Toshiba\Documents\GitHub\DecorVista-Web\vendor\laravel\framework\src\Illuminate\Foundation\Bootstrap\HandleExceptions.php(256): Illuminate\Foundation\Bootstrap\HandleExceptions->handleException(Object(ErrorException))
#17 [internal function]: Illuminate\Foundation\Bootstrap\HandleExceptions->Illuminate\Foundation\Bootstrap\{closure}(Object(ErrorException))
#18 {main}
  thrown {"exception":"[object] (Symfony\\Component\\ErrorHandler\\Error\\FatalError(code: 0): Uncaught ErrorException: include(C:\\Users\\Toshiba\\Documents\\GitHub\\DecorVista-Web\\vendor\\composer/../filp/whoops/src/Whoops/Handler/Handler.php): Failed to open stream: No such file or directory in C:\\Users\\Toshiba\\Documents\\GitHub\\DecorVista-Web\\vendor\\composer\\ClassLoader.php:576
Stack trace:
#0 C:\\Users\\Toshiba\\Documents\\GitHub\\DecorVista-Web\\vendor\\laravel\\framework\\src\\Illuminate\\Foundation\\Bootstrap\\HandleExceptions.php(256): Illuminate\\Foundation\\Bootstrap\\HandleExceptions->handleError(2, 'include(C:\\\\User...', 'C:\\\\Users\\\\Toshib...', 576)
#1 C:\\Users\\Toshiba\\Documents\\GitHub\\DecorVista-Web\\vendor\\composer\\ClassLoader.php(576): Illuminate\\Foundation\\Bootstrap\\HandleExceptions->Illuminate\\Foundation\\Bootstrap\\{closure}(2, 'include(C:\\\\User...', 'C:\\\\Users\\\\Toshib...', 576)
#2 C:\\Users\\Toshiba\\Documents\\GitHub\\DecorVista-Web\\vendor\\composer\\ClassLoader.php(576): include('C:\\\\Users\\\\Toshib...')
#3 C:\\Users\\Toshiba\\Documents\\GitHub\\DecorVista-Web\\vendor\\composer\\ClassLoader.php(427): Composer\\Autoload\\{closure}('C:\\\\Users\\\\Toshib...')
#4 C:\\Users\\Toshiba\\Documents\\GitHub\\DecorVista-Web\\vendor\\nunomaduro\\collision\\src\\Handler.php(15): Composer\\Autoload\\ClassLoader->loadClass('Whoops\\\\Handler\\\\...')
#5 C:\\Users\\Toshiba\\Documents\\GitHub\\DecorVista-Web\\vendor\\composer\\ClassLoader.php(576): include('C:\\\\Users\\\\Toshib...')
#6 C:\\Users\\Toshiba\\Documents\\GitHub\\DecorVista-Web\\vendor\\composer\\ClassLoader.php(427): Composer\\Autoload\\{closure}('C:\\\\Users\\\\Toshib...')
#7 C:\\Users\\Toshiba\\Documents\\GitHub\\DecorVista-Web\\vendor\\nunomaduro\\collision\\src\\Adapters\\Laravel\\CollisionServiceProvider.php(55): Composer\\Autoload\\ClassLoader->loadClass('NunoMaduro\\\\Coll...')
#8 C:\\Users\\Toshiba\\Documents\\GitHub\\DecorVista-Web\\vendor\\laravel\\framework\\src\\Illuminate\\Container\\Container.php(931): NunoMaduro\\Collision\\Adapters\\Laravel\\CollisionServiceProvider->NunoMaduro\\Collision\\Adapters\\Laravel\\{closure}(Object(Illuminate\\Foundation\\Application), Array)
#9 C:\\Users\\Toshiba\\Documents\\GitHub\\DecorVista-Web\\vendor\\laravel\\framework\\src\\Illuminate\\Container\\Container.php(815): Illuminate\\Container\\Container->build(Object(Closure))
#10 C:\\Users\\Toshiba\\Documents\\GitHub\\DecorVista-Web\\vendor\\laravel\\framework\\src\\Illuminate\\Foundation\\Application.php(1046): Illuminate\\Container\\Container->resolve('NunoMaduro\\\\Coll...', Array, true)
#11 C:\\Users\\Toshiba\\Documents\\GitHub\\DecorVista-Web\\vendor\\laravel\\framework\\src\\Illuminate\\Container\\Container.php(751): Illuminate\\Foundation\\Application->resolve('NunoMaduro\\\\Coll...', Array)
#12 C:\\Users\\Toshiba\\Documents\\GitHub\\DecorVista-Web\\vendor\\laravel\\framework\\src\\Illuminate\\Foundation\\Application.php(1028): Illuminate\\Container\\Container->make('NunoMaduro\\\\Coll...', Array)
#13 C:\\Users\\Toshiba\\Documents\\GitHub\\DecorVista-Web\\vendor\\nunomaduro\\collision\\src\\Adapters\\Laravel\\ExceptionHandler.php(66): Illuminate\\Foundation\\Application->make('NunoMaduro\\\\Coll...')
#14 C:\\Users\\Toshiba\\Documents\\GitHub\\DecorVista-Web\\vendor\\laravel\\framework\\src\\Illuminate\\Foundation\\Bootstrap\\HandleExceptions.php(208): NunoMaduro\\Collision\\Adapters\\Laravel\\ExceptionHandler->renderForConsole(Object(Symfony\\Component\\Console\\Output\\ConsoleOutput), Object(ErrorException))
#15 C:\\Users\\Toshiba\\Documents\\GitHub\\DecorVista-Web\\vendor\\laravel\\framework\\src\\Illuminate\\Foundation\\Bootstrap\\HandleExceptions.php(190): Illuminate\\Foundation\\Bootstrap\\HandleExceptions->renderForConsole(Object(ErrorException))
#16 C:\\Users\\Toshiba\\Documents\\GitHub\\DecorVista-Web\\vendor\\laravel\\framework\\src\\Illuminate\\Foundation\\Bootstrap\\HandleExceptions.php(256): Illuminate\\Foundation\\Bootstrap\\HandleExceptions->handleException(Object(ErrorException))
#17 [internal function]: Illuminate\\Foundation\\Bootstrap\\HandleExceptions->Illuminate\\Foundation\\Bootstrap\\{closure}(Object(ErrorException))
#18 {main}
  thrown at C:\\Users\\Toshiba\\Documents\\GitHub\\DecorVista-Web\\vendor\\composer\\ClassLoader.php:576)
[stacktrace]
#0 {main}
"} 
